<?xml version="1.0" encoding="UTF-8"?>
<testsuite name="depslens.core.ParsersTest" tests="2" skipped="0" failures="0" errors="0" timestamp="2026-08-10T16:05:51.629Z" hostname="PC-202307091544" time="0.387">
  <properties/>
  <testcase name="npm v3 lockfile builds expected graph()" classname="depslens.core.ParsersTest" time="0.266"/>
  <testcase name="yarn lockfile builds expected graph()" classname="depslens.core.ParsersTest" time="0.12"/>
  <system-out><![CDATA[]]></system-out>
  <system-err><![CDATA[]]></system-err>
</testsuite>
